<?xml version="1.0" encoding="UTF-8"?>
<!-- Generated by org.testng.reporters.JUnitReportReporter -->
<testsuite skipped="0" hostname="Dell-PC" name="com.google.qa.BatchDemo2" tests="1" failures="0" timestamp="23 May 2019 19:45:34 GMT" time="7.494" errors="0">
  <testcase name="testBrowser" time="7.494" classname="com.google.qa.BatchDemo2"/>
</testsuite> <!-- com.google.qa.BatchDemo2 -->
